  HelloThread.cpp
  HelloNetworkModule.cpp
c:\users\vm-dm-win\documents\github\pdsproject\fileshare-mainprocess\fileshare-mainprocess\hellonetworkmodule.cpp(17): warning C4244: 'argomento': conversione da 'time_t' a 'unsigned int'. Possibile perdita di dati.
c:\users\vm-dm-win\documents\github\pdsproject\fileshare-mainprocess\fileshare-mainprocess\hellonetworkmodule.cpp(22): warning C4996: 'itoa': The POSIX name for this item is deprecated. Instead, use the ISO C and C++ conformant name: _itoa. See online help for details.
  c:\program files (x86)\windows kits\10\include\10.0.15063.0\ucrt\stdlib.h(1334): note: vedere la dichiarazione di 'itoa'
c:\users\vm-dm-win\documents\github\pdsproject\fileshare-mainprocess\fileshare-mainprocess\hellonetworkmodule.cpp(59): warning C4996: 'inet_addr': Use inet_pton() or InetPton() instead or define _WINSOCK_DEPRECATED_NO_WARNINGS to disable deprecated API warnings
  c:\program files (x86)\windows kits\10\include\10.0.15063.0\um\winsock2.h(1830): note: vedere la dichiarazione di 'inet_addr'
c:\users\vm-dm-win\documents\github\pdsproject\fileshare-mainprocess\fileshare-mainprocess\hellonetworkmodule.cpp(107): warning C4996: 'inet_addr': Use inet_pton() or InetPton() instead or define _WINSOCK_DEPRECATED_NO_WARNINGS to disable deprecated API warnings
  c:\program files (x86)\windows kits\10\include\10.0.15063.0\um\winsock2.h(1830): note: vedere la dichiarazione di 'inet_addr'
c:\users\vm-dm-win\documents\github\pdsproject\fileshare-mainprocess\fileshare-mainprocess\hellonetworkmodule.cpp(112): warning C4996: 'strcpy': This function or variable may be unsafe. Consider using strcpy_s instead. To disable deprecation, use _CRT_SECURE_NO_WARNINGS. See online help for details.
  c:\program files (x86)\windows kits\10\include\10.0.15063.0\ucrt\string.h(136): note: vedere la dichiarazione di 'strcpy'
c:\users\vm-dm-win\documents\github\pdsproject\fileshare-mainprocess\fileshare-mainprocess\hellonetworkmodule.cpp(140): warning C4996: 'inet_addr': Use inet_pton() or InetPton() instead or define _WINSOCK_DEPRECATED_NO_WARNINGS to disable deprecated API warnings
  c:\program files (x86)\windows kits\10\include\10.0.15063.0\um\winsock2.h(1830): note: vedere la dichiarazione di 'inet_addr'
c:\users\vm-dm-win\documents\github\pdsproject\fileshare-mainprocess\fileshare-mainprocess\hellonetworkmodule.cpp(145): warning C4996: 'strcpy': This function or variable may be unsafe. Consider using strcpy_s instead. To disable deprecation, use _CRT_SECURE_NO_WARNINGS. See online help for details.
  c:\program files (x86)\windows kits\10\include\10.0.15063.0\ucrt\string.h(136): note: vedere la dichiarazione di 'strcpy'
c:\users\vm-dm-win\documents\github\pdsproject\fileshare-mainprocess\fileshare-mainprocess\hellonetworkmodule.cpp(177): warning C4996: 'inet_ntoa': Use inet_ntop() or InetNtop() instead or define _WINSOCK_DEPRECATED_NO_WARNINGS to disable deprecated API warnings
  c:\program files (x86)\windows kits\10\include\10.0.15063.0\um\winsock2.h(1848): note: vedere la dichiarazione di 'inet_ntoa'
c:\users\vm-dm-win\documents\github\pdsproject\fileshare-mainprocess\fileshare-mainprocess\hellonetworkmodule.cpp(187): warning C4996: 'inet_ntoa': Use inet_ntop() or InetNtop() instead or define _WINSOCK_DEPRECATED_NO_WARNINGS to disable deprecated API warnings
  c:\program files (x86)\windows kits\10\include\10.0.15063.0\um\winsock2.h(1848): note: vedere la dichiarazione di 'inet_ntoa'
  Generazione del codice in corso...
  fileshare-mainprocess.vcxproj -> C:\Users\vm-dm-win\Documents\GitHub\pdsproject\fileshare-mainprocess\Debug\fileshare-mainprocess.exe
  fileshare-mainprocess.vcxproj -> C:\Users\vm-dm-win\Documents\GitHub\pdsproject\fileshare-mainprocess\Debug\fileshare-mainprocess.pdb (Partial PDB)
